<?xml version="1.0" encoding="UTF-8"?>
<!-- Generated by org.testng.reporters.JUnitReportReporter -->
<testsuite skipped="2" hostname="user-PC" name="testngleads.CreateLead" tests="3" failures="0" timestamp="03 Aug 2018 05:45:51 GMT" time="0.159" errors="1">
  <testcase name="createLeasMEthod" time="0.000" classname="testngleads.CreateLead">
    <skipped/>
  </testcase> <!-- createLeasMEthod -->
  <testcase name="createLeasMEthod" time="0.000" classname="testngleads.CreateLead">
    <skipped/>
  </testcase> <!-- createLeasMEthod -->
  <testcase name="startSuite" time="0.159" classname="testngleads.CreateLead">
    <error type="java.lang.NoClassDefFoundError" message="org/jsoup/Jsoup">
      <![CDATA[java.lang.NoClassDefFoundError: org/jsoup/Jsoup
at com.aventstack.extentreports.reporter.converters.ExtentHtmlTestConverter.<init>(ExtentHtmlTestConverter.java:39)
at com.aventstack.extentreports.reporter.converters.ExtentHtmlReporterConverter.parseAndGetModelCollection(ExtentHtmlReporterConverter.java:16)
at com.aventstack.extentreports.reporter.ExtentHtmlReporter.parseReportBuildTestCollection(ExtentHtmlReporter.java:114)
at com.aventstack.extentreports.reporter.ExtentHtmlReporter.start(ExtentHtmlReporter.java:105)
at com.aventstack.extentreports.Report.attach(Report.java:55)
at java.util.Spliterators$ArraySpliterator.forEachRemaining(Spliterators.java:948)
at java.util.stream.ReferencePipeline$Head.forEach(ReferencePipeline.java:580)
at com.aventstack.extentreports.ExtentReports.attachReporter(ExtentReports.java:68)
at reports.Reporter.beginResult(Reporter.java:15)
at testngleads.Annotations.startSuite(Annotations.java:20)
at sun.reflect.NativeMethodAccessorImpl.invoke0(Native Method)
at sun.reflect.NativeMethodAccessorImpl.invoke(NativeMethodAccessorImpl.java:62)
at sun.reflect.DelegatingMethodAccessorImpl.invoke(DelegatingMethodAccessorImpl.java:43)
at java.lang.reflect.Method.invoke(Method.java:498)
at org.testng.internal.MethodInvocationHelper.invokeMethod(MethodInvocationHelper.java:124)
at org.testng.internal.MethodInvocationHelper.invokeMethodConsideringTimeout(MethodInvocationHelper.java:59)
at org.testng.internal.Invoker.invokeConfigurationMethod(Invoker.java:458)
at org.testng.internal.Invoker.invokeConfigurations(Invoker.java:222)
at org.testng.internal.Invoker.invokeConfigurations(Invoker.java:142)
at org.testng.SuiteRunner.privateRun(SuiteRunner.java:401)
at org.testng.SuiteRunner.run(SuiteRunner.java:364)
at org.testng.SuiteRunnerWorker.runSuite(SuiteRunnerWorker.java:52)
at org.testng.SuiteRunnerWorker.run(SuiteRunnerWorker.java:84)
at org.testng.TestNG.runSuitesSequentially(TestNG.java:1208)
at org.testng.TestNG.runSuitesLocally(TestNG.java:1137)
at org.testng.TestNG.runSuites(TestNG.java:1049)
at org.testng.TestNG.run(TestNG.java:1017)
at org.testng.remote.AbstractRemoteTestNG.run(AbstractRemoteTestNG.java:114)
at org.testng.remote.RemoteTestNG.initAndRun(RemoteTestNG.java:251)
at org.testng.remote.RemoteTestNG.main(RemoteTestNG.java:77)
Caused by: java.lang.ClassNotFoundException: org.jsoup.Jsoup
at java.net.URLClassLoader.findClass(URLClassLoader.java:381)
at java.lang.ClassLoader.loadClass(ClassLoader.java:424)
at sun.misc.Launcher$AppClassLoader.loadClass(Launcher.java:349)
at java.lang.ClassLoader.loadClass(ClassLoader.java:357)
... 30 more
]]>
    </error>
  </testcase> <!-- startSuite -->
</testsuite> <!-- testngleads.CreateLead -->
